android/app/build/intermediates/manifest_merge_blame_file/release/processReleaseMainManifest/manifest-merger-blame-release-report.txt
1<?xml version="1.0" encoding="utf-8"?>
2<manifest xmlns:android="http://schemas.android.com/apk/res/android"
3    package="com.librespec"
4    android:versionCode="1"
5    android:versionName="1.0" >
6
7    <uses-sdk
8        android:minSdkVersion="26"
9        android:targetSdkVersion="34" />
10
11    <uses-permission android:name="android.permission.BLUETOOTH" />
11-->src/main/AndroidManifest.xml:5:5-68
11-->src/main/AndroidManifest.xml:5:22-65
12    <uses-permission android:name="android.permission.BLUETOOTH_ADMIN" />
12-->src/main/AndroidManifest.xml:6:5-74
12-->src/main/AndroidManifest.xml:6:22-71
13    <uses-permission android:name="android.permission.BLUETOOTH_SCAN" />
13-->src/main/AndroidManifest.xml:7:5-73
13-->src/main/AndroidManifest.xml:7:22-70
14    <uses-permission android:name="android.permission.BLUETOOTH_CONNECT" />
14-->src/main/AndroidManifest.xml:8:5-76
14-->src/main/AndroidManifest.xml:8:22-73
15    <uses-permission android:name="android.permission.ACCESS_FINE_LOCATION" />
15-->src/main/AndroidManifest.xml:9:5-79
15-->src/main/AndroidManifest.xml:9:22-76
16    <uses-permission android:name="android.permission.ACCESS_COARSE_LOCATION" />
16-->src/main/AndroidManifest.xml:10:5-81
16-->src/main/AndroidManifest.xml:10:22-78
17
18    <permission
18-->[androidx.core:core:1.12.0] AndroidManifest.xml:22:5-24:47
19        android:name="com.librespec.DYNAMIC_RECEIVER_NOT_EXPORTED_PERMISSION"
19-->[androidx.core:core:1.12.0] AndroidManifest.xml:23:9-81
20        android:protectionLevel="signature" />
20-->[androidx.core:core:1.12.0] AndroidManifest.xml:24:9-44
21
22    <uses-permission android:name="com.librespec.DYNAMIC_RECEIVER_NOT_EXPORTED_PERMISSION" />
22-->[androidx.core:core:1.12.0] AndroidManifest.xml:26:5-97
22-->[androidx.core:core:1.12.0] AndroidManifest.xml:26:22-94
23
24    <application
24-->src/main/AndroidManifest.xml:12:5-28:19
25        android:allowBackup="true"
25-->src/main/AndroidManifest.xml:13:9-35
26        android:appComponentFactory="androidx.core.app.CoreComponentFactory"
26-->[androidx.core:core:1.12.0] AndroidManifest.xml:28:18-86
27        android:extractNativeLibs="false"
28        android:icon="@mipmap/ic_launcher"
28-->src/main/AndroidManifest.xml:14:9-43
29        android:label="LibreSpec"
29-->src/main/AndroidManifest.xml:15:9-34
30        android:roundIcon="@mipmap/ic_launcher_round"
30-->src/main/AndroidManifest.xml:16:9-54
31        android:supportsRtl="true"
31-->src/main/AndroidManifest.xml:17:9-35
32        android:theme="@style/Theme.LibreSpec" >
32-->src/main/AndroidManifest.xml:18:9-47
33        <activity
33-->src/main/AndroidManifest.xml:19:9-27:20
34            android:name="com.librespec.MainActivity"
34-->src/main/AndroidManifest.xml:20:13-41
35            android:exported="true"
35-->src/main/AndroidManifest.xml:21:13-36
36            android:theme="@style/Theme.LibreSpec" >
36-->src/main/AndroidManifest.xml:22:13-51
37            <intent-filter>
37-->src/main/AndroidManifest.xml:23:13-26:29
38                <action android:name="android.intent.action.MAIN" />
38-->src/main/AndroidManifest.xml:24:17-69
38-->src/main/AndroidManifest.xml:24:25-66
39
40                <category android:name="android.intent.category.LAUNCHER" />
40-->src/main/AndroidManifest.xml:25:17-77
40-->src/main/AndroidManifest.xml:25:27-74
41            </intent-filter>
42        </activity>
43        <activity
43-->[androidx.compose.ui:ui-tooling-android:1.5.4] AndroidManifest.xml:23:9-25:39
44            android:name="androidx.compose.ui.tooling.PreviewActivity"
44-->[androidx.compose.ui:ui-tooling-android:1.5.4] AndroidManifest.xml:24:13-71
45            android:exported="true" />
45-->[androidx.compose.ui:ui-tooling-android:1.5.4] AndroidManifest.xml:25:13-36
46
47        <provider
47-->[androidx.emoji2:emoji2:1.4.0] AndroidManifest.xml:24:9-32:20
48            android:name="androidx.startup.InitializationProvider"
48-->[androidx.emoji2:emoji2:1.4.0] AndroidManifest.xml:25:13-67
49            android:authorities="com.librespec.androidx-startup"
49-->[androidx.emoji2:emoji2:1.4.0] AndroidManifest.xml:26:13-68
50            android:exported="false" >
50-->[androidx.emoji2:emoji2:1.4.0] AndroidManifest.xml:27:13-37
51            <meta-data
51-->[androidx.emoji2:emoji2:1.4.0] AndroidManifest.xml:29:13-31:52
52                android:name="androidx.emoji2.text.EmojiCompatInitializer"
52-->[androidx.emoji2:emoji2:1.4.0] AndroidManifest.xml:30:17-75
53                android:value="androidx.startup" />
53-->[androidx.emoji2:emoji2:1.4.0] AndroidManifest.xml:31:17-49
54            <meta-data
54-->[androidx.lifecycle:lifecycle-process:2.6.1] AndroidManifest.xml:29:13-31:52
55                android:name="androidx.lifecycle.ProcessLifecycleInitializer"
55-->[androidx.lifecycle:lifecycle-process:2.6.1] AndroidManifest.xml:30:17-78
56                android:value="androidx.startup" />
56-->[androidx.lifecycle:lifecycle-process:2.6.1] AndroidManifest.xml:31:17-49
57            <meta-data
57-->[androidx.profileinstaller:profileinstaller:1.3.0] AndroidManifest.xml:29:13-31:52
58                android:name="androidx.profileinstaller.ProfileInstallerInitializer"
58-->[androidx.profileinstaller:profileinstaller:1.3.0] AndroidManifest.xml:30:17-85
59                android:value="androidx.startup" />
59-->[androidx.profileinstaller:profileinstaller:1.3.0] AndroidManifest.xml:31:17-49
60        </provider>
61
62        <receiver
62-->[androidx.profileinstaller:profileinstaller:1.3.0] AndroidManifest.xml:34:9-52:20
63            android:name="androidx.profileinstaller.ProfileInstallReceiver"
63-->[androidx.profileinstaller:profileinstaller:1.3.0] AndroidManifest.xml:35:13-76
64            android:directBootAware="false"
64-->[androidx.profileinstaller:profileinstaller:1.3.0] AndroidManifest.xml:36:13-44
65            android:enabled="true"
65-->[androidx.profileinstaller:profileinstaller:1.3.0] AndroidManifest.xml:37:13-35
66            android:exported="true"
66-->[androidx.profileinstaller:profileinstaller:1.3.0] AndroidManifest.xml:38:13-36
67            android:permission="android.permission.DUMP" >
67-->[androidx.profileinstaller:profileinstaller:1.3.0] AndroidManifest.xml:39:13-57
68            <intent-filter>
68-->[androidx.profileinstaller:profileinstaller:1.3.0] AndroidManifest.xml:40:13-42:29
69                <action android:name="androidx.profileinstaller.action.INSTALL_PROFILE" />
69-->[androidx.profileinstaller:profileinstaller:1.3.0] AndroidManifest.xml:41:17-91
69-->[androidx.profileinstaller:profileinstaller:1.3.0] AndroidManifest.xml:41:25-88
70            </intent-filter>
71            <intent-filter>
71-->[androidx.profileinstaller:profileinstaller:1.3.0] AndroidManifest.xml:43:13-45:29
72                <action android:name="androidx.profileinstaller.action.SKIP_FILE" />
72-->[androidx.profileinstaller:profileinstaller:1.3.0] AndroidManifest.xml:44:17-85
72-->[androidx.profileinstaller:profileinstaller:1.3.0] AndroidManifest.xml:44:25-82
73            </intent-filter>
74            <intent-filter>
74-->[androidx.profileinstaller:profileinstaller:1.3.0] AndroidManifest.xml:46:13-48:29
75                <action android:name="androidx.profileinstaller.action.SAVE_PROFILE" />
75-->[androidx.profileinstaller:profileinstaller:1.3.0] AndroidManifest.xml:47:17-88
75-->[androidx.profileinstaller:profileinstaller:1.3.0] AndroidManifest.xml:47:25-85
76            </intent-filter>
77            <intent-filter>
77-->[androidx.profileinstaller:profileinstaller:1.3.0] AndroidManifest.xml:49:13-51:29
78                <action android:name="androidx.profileinstaller.action.BENCHMARK_OPERATION" />
78-->[androidx.profileinstaller:profileinstaller:1.3.0] AndroidManifest.xml:50:17-95
78-->[androidx.profileinstaller:profileinstaller:1.3.0] AndroidManifest.xml:50:25-92
79            </intent-filter>
80        </receiver>
81    </application>
82
83</manifest>